  [1m[36m (0.9ms)[0m  [1mCREATE TABLE "devices" ("id" INTEGER PRIMARY KEY AUTOINCREMENT NOT NULL, "device_name" varchar, "device_type" varchar, "device_model" varchar, "start_date" datetime, "expiry_date" date, "device_cost" decimal(10,2), "device_manufacturer" varchar, "created_at" datetime NOT NULL, "updated_at" datetime NOT NULL, "user_id" integer, "upgrade_request" boolean DEFAULT 'f', "payment_received" boolean DEFAULT 'f') [0m
  [1m[35m (0.6ms)[0m  CREATE TABLE "searches" ("id" INTEGER PRIMARY KEY AUTOINCREMENT NOT NULL, "device_name" varchar, "device_manufacturer" varchar, "min_price" decimal, "max_price" decimal, "device_type" varchar, "device_model" varchar, "start_date" date, "expiry_date" date, "expiry_date_min" date, "start_date_min" date, "created_at" datetime NOT NULL, "updated_at" datetime NOT NULL, "user_first_name" varchar, "user_last_name" varchar, "office_location" varchar, "role" integer, "user_id" varchar) 
  [1m[36m (0.7ms)[0m  [1mCREATE TABLE "users" ("id" INTEGER PRIMARY KEY AUTOINCREMENT NOT NULL, "email" varchar DEFAULT '' NOT NULL, "encrypted_password" varchar DEFAULT '' NOT NULL, "first_name" varchar, "last_name" varchar, "office_location" varchar, "role" integer DEFAULT 0, "reset_password_token" varchar, "reset_password_sent_at" datetime, "remember_created_at" datetime, "sign_in_count" integer DEFAULT 0 NOT NULL, "current_sign_in_at" datetime, "last_sign_in_at" datetime, "current_sign_in_ip" varchar, "last_sign_in_ip" varchar, "created_at" datetime NOT NULL, "updated_at" datetime NOT NULL) [0m
  [1m[35m (0.1ms)[0m  select sqlite_version(*)
  [1m[36m (0.6ms)[0m  [1mCREATE UNIQUE INDEX "index_users_on_email" ON "users" ("email")[0m
  [1m[35m (0.1ms)[0m              SELECT sql
            FROM sqlite_master
            WHERE name='index_users_on_email' AND type='index'
            UNION ALL
            SELECT sql
            FROM sqlite_temp_master
            WHERE name='index_users_on_email' AND type='index'

  [1m[36m (0.5ms)[0m  [1mCREATE UNIQUE INDEX "index_users_on_reset_password_token" ON "users" ("reset_password_token")[0m
  [1m[35m (0.6ms)[0m  CREATE TABLE "schema_migrations" ("version" varchar NOT NULL) 
  [1m[36m (0.5ms)[0m  [1mCREATE UNIQUE INDEX "unique_schema_migrations" ON "schema_migrations" ("version")[0m
  [1m[35m (0.1ms)[0m  SELECT version FROM "schema_migrations"
  [1m[36m (0.5ms)[0m  [1mINSERT INTO "schema_migrations" (version) VALUES ('20160423134450')[0m
  [1m[35m (0.5ms)[0m  INSERT INTO "schema_migrations" (version) VALUES ('20160413162818')
  [1m[36m (0.5ms)[0m  [1mINSERT INTO "schema_migrations" (version) VALUES ('20160413162836')[0m
  [1m[35m (0.5ms)[0m  INSERT INTO "schema_migrations" (version) VALUES ('20160413165911')
  [1m[36m (0.4ms)[0m  [1mINSERT INTO "schema_migrations" (version) VALUES ('20160413170645')[0m
  [1m[35m (0.4ms)[0m  INSERT INTO "schema_migrations" (version) VALUES ('20160419143842')
  [1m[36m (0.4ms)[0m  [1mINSERT INTO "schema_migrations" (version) VALUES ('20160423132135')[0m
  [1m[35m (0.5ms)[0m  INSERT INTO "schema_migrations" (version) VALUES ('20160423133508')
  [1m[36m (0.5ms)[0m  [1mCREATE TABLE "devices" ("id" INTEGER PRIMARY KEY AUTOINCREMENT NOT NULL, "device_name" varchar, "device_type" varchar, "device_model" varchar, "start_date" datetime, "expiry_date" date, "device_cost" decimal(10,2), "device_manufacturer" varchar, "created_at" datetime NOT NULL, "updated_at" datetime NOT NULL, "user_id" integer, "upgrade_request" boolean DEFAULT 'f', "payment_received" boolean DEFAULT 'f') [0m
  [1m[35m (0.5ms)[0m  CREATE TABLE "searches" ("id" INTEGER PRIMARY KEY AUTOINCREMENT NOT NULL, "device_name" varchar, "device_manufacturer" varchar, "min_price" decimal, "max_price" decimal, "device_type" varchar, "device_model" varchar, "start_date" date, "expiry_date" date, "expiry_date_min" date, "start_date_min" date, "created_at" datetime NOT NULL, "updated_at" datetime NOT NULL, "user_first_name" varchar, "user_last_name" varchar, "office_location" varchar, "role" integer, "user_id" varchar) 
  [1m[36m (0.5ms)[0m  [1mCREATE TABLE "users" ("id" INTEGER PRIMARY KEY AUTOINCREMENT NOT NULL, "email" varchar DEFAULT '' NOT NULL, "encrypted_password" varchar DEFAULT '' NOT NULL, "first_name" varchar, "last_name" varchar, "office_location" varchar, "role" integer DEFAULT 0, "reset_password_token" varchar, "reset_password_sent_at" datetime, "remember_created_at" datetime, "sign_in_count" integer DEFAULT 0 NOT NULL, "current_sign_in_at" datetime, "last_sign_in_at" datetime, "current_sign_in_ip" varchar, "last_sign_in_ip" varchar, "created_at" datetime NOT NULL, "updated_at" datetime NOT NULL) [0m
  [1m[35m (0.0ms)[0m  select sqlite_version(*)
  [1m[36m (0.4ms)[0m  [1mCREATE UNIQUE INDEX "index_users_on_email" ON "users" ("email")[0m
  [1m[35m (0.1ms)[0m              SELECT sql
            FROM sqlite_master
            WHERE name='index_users_on_email' AND type='index'
            UNION ALL
            SELECT sql
            FROM sqlite_temp_master
            WHERE name='index_users_on_email' AND type='index'

  [1m[36m (0.5ms)[0m  [1mCREATE UNIQUE INDEX "index_users_on_reset_password_token" ON "users" ("reset_password_token")[0m
  [1m[35m (0.5ms)[0m  CREATE TABLE "schema_migrations" ("version" varchar NOT NULL) 
  [1m[36m (0.5ms)[0m  [1mCREATE UNIQUE INDEX "unique_schema_migrations" ON "schema_migrations" ("version")[0m
  [1m[35m (0.1ms)[0m  SELECT version FROM "schema_migrations"
  [1m[36m (0.4ms)[0m  [1mINSERT INTO "schema_migrations" (version) VALUES ('20160423134450')[0m
  [1m[35m (0.4ms)[0m  INSERT INTO "schema_migrations" (version) VALUES ('20160413162818')
  [1m[36m (0.4ms)[0m  [1mINSERT INTO "schema_migrations" (version) VALUES ('20160413162836')[0m
  [1m[35m (0.4ms)[0m  INSERT INTO "schema_migrations" (version) VALUES ('20160413165911')
  [1m[36m (0.4ms)[0m  [1mINSERT INTO "schema_migrations" (version) VALUES ('20160413170645')[0m
  [1m[35m (0.6ms)[0m  INSERT INTO "schema_migrations" (version) VALUES ('20160419143842')
  [1m[36m (0.4ms)[0m  [1mINSERT INTO "schema_migrations" (version) VALUES ('20160423132135')[0m
  [1m[35m (0.3ms)[0m  INSERT INTO "schema_migrations" (version) VALUES ('20160423133508')
  [1m[36mActiveRecord::SchemaMigration Load (0.1ms)[0m  [1mSELECT "schema_migrations".* FROM "schema_migrations"[0m
  [1m[35mUser Exists (0.1ms)[0m  SELECT  1 AS one FROM "users" WHERE "users"."email" = ? LIMIT 1  [["email", "bob@mail.com"]]
  [1m[36m (0.1ms)[0m  [1mbegin transaction[0m
  [1m[35mUser Exists (0.2ms)[0m  SELECT  1 AS one FROM "users" WHERE "users"."email" = 'bob@mail.com' LIMIT 1
  [1m[36mSQL (0.4ms)[0m  [1mINSERT INTO "users" ("email", "encrypted_password", "first_name", "last_name", "office_location", "created_at", "updated_at") VALUES (?, ?, ?, ?, ?, ?, ?)[0m  [["email", "bob@mail.com"], ["encrypted_password", "$2a$10$VutucP67L.v.BHClLQXeo.QsfKIqI5Bab9yZVcnAlTdmsH6q9.tIi"], ["first_name", "Bob"], ["last_name", "Smith"], ["office_location", "London"], ["created_at", "2016-05-02 19:18:52.594937"], ["updated_at", "2016-05-02 19:18:52.594937"]]
  [1m[35m (0.6ms)[0m  commit transaction
  [1m[36mUser Exists (0.1ms)[0m  [1mSELECT  1 AS one FROM "users" WHERE "users"."email" = ? LIMIT 1[0m  [["email", "jgc@mail.com"]]
  [1m[35m (0.1ms)[0m  begin transaction
  [1m[36mUser Exists (0.1ms)[0m  [1mSELECT  1 AS one FROM "users" WHERE "users"."email" = 'jgc@mail.com' LIMIT 1[0m
  [1m[35mSQL (0.3ms)[0m  INSERT INTO "users" ("email", "encrypted_password", "first_name", "last_name", "office_location", "role", "created_at", "updated_at") VALUES (?, ?, ?, ?, ?, ?, ?, ?)  [["email", "jgc@mail.com"], ["encrypted_password", "$2a$10$XQCC4RD1TQQj6ItkBgfdweUyUbqiVDG19dveo4OTebD.a0ubrST3K"], ["first_name", "Jacob"], ["last_name", "G-C"], ["office_location", "Bristol"], ["role", 1], ["created_at", "2016-05-02 19:18:52.667510"], ["updated_at", "2016-05-02 19:18:52.667510"]]
  [1m[36m (2.2ms)[0m  [1mcommit transaction[0m
  [1m[35m (0.1ms)[0m  begin transaction
  [1m[36m (0.0ms)[0m  [1mrollback transaction[0m
  [1m[36m (2.6ms)[0m  [1mCREATE TABLE "devices" ("id" INTEGER PRIMARY KEY AUTOINCREMENT NOT NULL, "device_name" varchar, "device_type" varchar, "device_model" varchar, "start_date" datetime, "expiry_date" date, "device_cost" decimal(10,2), "device_manufacturer" varchar, "created_at" datetime NOT NULL, "updated_at" datetime NOT NULL, "user_id" integer, "upgrade_request" boolean DEFAULT 'f', "payment_received" boolean DEFAULT 'f') [0m
  [1m[35m (0.6ms)[0m  CREATE TABLE "searches" ("id" INTEGER PRIMARY KEY AUTOINCREMENT NOT NULL, "device_name" varchar, "device_manufacturer" varchar, "min_price" decimal, "max_price" decimal, "device_type" varchar, "device_model" varchar, "start_date" date, "expiry_date" date, "expiry_date_min" date, "start_date_min" date, "created_at" datetime NOT NULL, "updated_at" datetime NOT NULL, "user_first_name" varchar, "user_last_name" varchar, "office_location" varchar, "role" integer, "user_id" varchar) 
  [1m[36m (0.5ms)[0m  [1mCREATE TABLE "users" ("id" INTEGER PRIMARY KEY AUTOINCREMENT NOT NULL, "email" varchar DEFAULT '' NOT NULL, "encrypted_password" varchar DEFAULT '' NOT NULL, "first_name" varchar, "last_name" varchar, "office_location" varchar, "role" integer DEFAULT 0, "reset_password_token" varchar, "reset_password_sent_at" datetime, "remember_created_at" datetime, "sign_in_count" integer DEFAULT 0 NOT NULL, "current_sign_in_at" datetime, "last_sign_in_at" datetime, "current_sign_in_ip" varchar, "last_sign_in_ip" varchar, "created_at" datetime NOT NULL, "updated_at" datetime NOT NULL) [0m
  [1m[35m (0.0ms)[0m  select sqlite_version(*)
  [1m[36m (0.5ms)[0m  [1mCREATE UNIQUE INDEX "index_users_on_email" ON "users" ("email")[0m
  [1m[35m (0.1ms)[0m              SELECT sql
            FROM sqlite_master
            WHERE name='index_users_on_email' AND type='index'
            UNION ALL
            SELECT sql
            FROM sqlite_temp_master
            WHERE name='index_users_on_email' AND type='index'

  [1m[36m (0.5ms)[0m  [1mCREATE UNIQUE INDEX "index_users_on_reset_password_token" ON "users" ("reset_password_token")[0m
  [1m[35m (0.5ms)[0m  CREATE TABLE "schema_migrations" ("version" varchar NOT NULL) 
  [1m[36m (0.5ms)[0m  [1mCREATE UNIQUE INDEX "unique_schema_migrations" ON "schema_migrations" ("version")[0m
  [1m[35m (0.1ms)[0m  SELECT version FROM "schema_migrations"
  [1m[36m (0.5ms)[0m  [1mINSERT INTO "schema_migrations" (version) VALUES ('20160423134450')[0m
  [1m[35m (0.5ms)[0m  INSERT INTO "schema_migrations" (version) VALUES ('20160413162818')
  [1m[36m (0.5ms)[0m  [1mINSERT INTO "schema_migrations" (version) VALUES ('20160413162836')[0m
  [1m[35m (0.5ms)[0m  INSERT INTO "schema_migrations" (version) VALUES ('20160413165911')
  [1m[36m (0.5ms)[0m  [1mINSERT INTO "schema_migrations" (version) VALUES ('20160413170645')[0m
  [1m[35m (0.4ms)[0m  INSERT INTO "schema_migrations" (version) VALUES ('20160419143842')
  [1m[36m (0.5ms)[0m  [1mINSERT INTO "schema_migrations" (version) VALUES ('20160423132135')[0m
  [1m[35m (0.4ms)[0m  INSERT INTO "schema_migrations" (version) VALUES ('20160423133508')
  [1m[36m (0.5ms)[0m  [1mCREATE TABLE "devices" ("id" INTEGER PRIMARY KEY AUTOINCREMENT NOT NULL, "device_name" varchar, "device_type" varchar, "device_model" varchar, "start_date" datetime, "expiry_date" date, "device_cost" decimal(10,2), "device_manufacturer" varchar, "created_at" datetime NOT NULL, "updated_at" datetime NOT NULL, "user_id" integer, "upgrade_request" boolean DEFAULT 'f', "payment_received" boolean DEFAULT 'f') [0m
  [1m[35m (0.6ms)[0m  CREATE TABLE "searches" ("id" INTEGER PRIMARY KEY AUTOINCREMENT NOT NULL, "device_name" varchar, "device_manufacturer" varchar, "min_price" decimal, "max_price" decimal, "device_type" varchar, "device_model" varchar, "start_date" date, "expiry_date" date, "expiry_date_min" date, "start_date_min" date, "created_at" datetime NOT NULL, "updated_at" datetime NOT NULL, "user_first_name" varchar, "user_last_name" varchar, "office_location" varchar, "role" integer, "user_id" varchar) 
  [1m[36m (0.6ms)[0m  [1mCREATE TABLE "users" ("id" INTEGER PRIMARY KEY AUTOINCREMENT NOT NULL, "email" varchar DEFAULT '' NOT NULL, "encrypted_password" varchar DEFAULT '' NOT NULL, "first_name" varchar, "last_name" varchar, "office_location" varchar, "role" integer DEFAULT 0, "reset_password_token" varchar, "reset_password_sent_at" datetime, "remember_created_at" datetime, "sign_in_count" integer DEFAULT 0 NOT NULL, "current_sign_in_at" datetime, "last_sign_in_at" datetime, "current_sign_in_ip" varchar, "last_sign_in_ip" varchar, "created_at" datetime NOT NULL, "updated_at" datetime NOT NULL) [0m
  [1m[35m (0.0ms)[0m  select sqlite_version(*)
  [1m[36m (0.6ms)[0m  [1mCREATE UNIQUE INDEX "index_users_on_email" ON "users" ("email")[0m
  [1m[35m (0.1ms)[0m              SELECT sql
            FROM sqlite_master
            WHERE name='index_users_on_email' AND type='index'
            UNION ALL
            SELECT sql
            FROM sqlite_temp_master
            WHERE name='index_users_on_email' AND type='index'

  [1m[36m (0.5ms)[0m  [1mCREATE UNIQUE INDEX "index_users_on_reset_password_token" ON "users" ("reset_password_token")[0m
  [1m[35m (0.5ms)[0m  CREATE TABLE "schema_migrations" ("version" varchar NOT NULL) 
  [1m[36m (0.5ms)[0m  [1mCREATE UNIQUE INDEX "unique_schema_migrations" ON "schema_migrations" ("version")[0m
  [1m[35m (0.1ms)[0m  SELECT version FROM "schema_migrations"
  [1m[36m (0.6ms)[0m  [1mINSERT INTO "schema_migrations" (version) VALUES ('20160423134450')[0m
  [1m[35m (0.5ms)[0m  INSERT INTO "schema_migrations" (version) VALUES ('20160413162818')
  [1m[36m (0.4ms)[0m  [1mINSERT INTO "schema_migrations" (version) VALUES ('20160413162836')[0m
  [1m[35m (0.4ms)[0m  INSERT INTO "schema_migrations" (version) VALUES ('20160413165911')
  [1m[36m (0.4ms)[0m  [1mINSERT INTO "schema_migrations" (version) VALUES ('20160413170645')[0m
  [1m[35m (0.3ms)[0m  INSERT INTO "schema_migrations" (version) VALUES ('20160419143842')
  [1m[36m (0.4ms)[0m  [1mINSERT INTO "schema_migrations" (version) VALUES ('20160423132135')[0m
  [1m[35m (0.4ms)[0m  INSERT INTO "schema_migrations" (version) VALUES ('20160423133508')
  [1m[36mActiveRecord::SchemaMigration Load (0.1ms)[0m  [1mSELECT "schema_migrations".* FROM "schema_migrations"[0m
  [1m[35mUser Exists (0.1ms)[0m  SELECT  1 AS one FROM "users" WHERE "users"."email" = ? LIMIT 1  [["email", "bob@mail.com"]]
  [1m[36m (0.1ms)[0m  [1mbegin transaction[0m
  [1m[35mUser Exists (0.1ms)[0m  SELECT  1 AS one FROM "users" WHERE "users"."email" = 'bob@mail.com' LIMIT 1
  [1m[36mSQL (0.3ms)[0m  [1mINSERT INTO "users" ("email", "encrypted_password", "first_name", "last_name", "office_location", "created_at", "updated_at") VALUES (?, ?, ?, ?, ?, ?, ?)[0m  [["email", "bob@mail.com"], ["encrypted_password", "$2a$10$qOdXBuKw7BO.nY5SY2ivBu.vq4z3nGrDvWajl/uWg/uDH4l4hbeRy"], ["first_name", "Bob"], ["last_name", "Smith"], ["office_location", "London"], ["created_at", "2016-05-02 19:19:32.990403"], ["updated_at", "2016-05-02 19:19:32.990403"]]
  [1m[35m (2.3ms)[0m  commit transaction
  [1m[36mUser Exists (0.1ms)[0m  [1mSELECT  1 AS one FROM "users" WHERE "users"."email" = ? LIMIT 1[0m  [["email", "jgc@mail.com"]]
  [1m[35m (0.1ms)[0m  begin transaction
  [1m[36mUser Exists (0.1ms)[0m  [1mSELECT  1 AS one FROM "users" WHERE "users"."email" = 'jgc@mail.com' LIMIT 1[0m
  [1m[35mSQL (0.3ms)[0m  INSERT INTO "users" ("email", "encrypted_password", "first_name", "last_name", "office_location", "role", "created_at", "updated_at") VALUES (?, ?, ?, ?, ?, ?, ?, ?)  [["email", "jgc@mail.com"], ["encrypted_password", "$2a$10$AX8f6O7t0QvCJQz.zqX8.eKR2x.VDZmtx5SM4IXXObCIDaPFggy6G"], ["first_name", "Jacob"], ["last_name", "G-C"], ["office_location", "Bristol"], ["role", 1], ["created_at", "2016-05-02 19:19:33.057469"], ["updated_at", "2016-05-02 19:19:33.057469"]]
  [1m[36m (2.2ms)[0m  [1mcommit transaction[0m
  [1m[35m (0.1ms)[0m  begin transaction
  [1m[36mSQL (0.3ms)[0m  [1mINSERT INTO "devices" ("device_name", "device_type", "device_cost", "device_model", "device_manufacturer", "expiry_date", "start_date", "user_id", "created_at", "updated_at") VALUES (?, ?, ?, ?, ?, ?, ?, ?, ?, ?)[0m  [["device_name", "test121"], ["device_type", "Phone"], ["device_cost", 123.1], ["device_model", "6S"], ["device_manufacturer", "Apple"], ["expiry_date", "2016-06-01"], ["start_date", "2015-07-01 01:00:00.000000"], ["user_id", 1], ["created_at", "2016-05-02 19:19:33.071273"], ["updated_at", "2016-05-02 19:19:33.071273"]]
  [1m[35m (0.5ms)[0m  commit transaction
